<?xml version="1.0" encoding="UTF-8"?>
<!-- Generated by org.testng.reporters.JUnitReportReporter -->
<testsuite hostname="LAPTOP-PF17CLMF" failures="0" tests="2" name="testrunner.TestRunner" time="36.956" errors="0" timestamp="2022-04-27T18:13:15 IST" skipped="0">
  <testcase classname="testrunner.TestRunner" name="runScenario" time="15.562"/>
  <system-out/>
  <testcase classname="testrunner.TestRunner" name="runScenario" time="21.394"/>
  <system-out/>
</testsuite> <!-- testrunner.TestRunner -->
