<?xml version="1.0" encoding="UTF-8"?>
<!-- Generated by org.testng.reporters.JUnitReportReporter -->
<testsuite hostname="LAPTOP-PF17CLMF" failures="0" tests="1" name="testrunner.TestRunner" time="11.838" errors="0" timestamp="2022-04-27T08:56:23 IST" skipped="0">
  <testcase classname="testrunner.TestRunner" name="runScenario" time="11.838"/>
  <system-out/>
</testsuite> <!-- testrunner.TestRunner -->
