<?xml version="1.0" encoding="UTF-8"?>
<!-- Generated by org.testng.reporters.JUnitReportReporter -->
<testsuite hostname="LAPTOP-PF17CLMF" failures="0" tests="1" name="testrunner.TestRunner" time="10.373" errors="0" timestamp="2022-04-28T17:29:17 IST" skipped="0">
  <testcase classname="testrunner.TestRunner" name="runScenario" time="10.373"/>
  <system-out/>
</testsuite> <!-- testrunner.TestRunner -->
